#
# There is insufficient memory for the Java Runtime Environment to continue.
# Native memory allocation (malloc) failed to allocate 1849936 bytes. Error detail: Chunk::new
# Possible reasons:
#   The system is out of physical RAM or swap space
#   This process is running with CompressedOops enabled, and the Java Heap may be blocking the growth of the native heap
# Possible solutions:
#   Reduce memory load on the system
#   Increase physical memory or swap space
#   Check if swap backing store is full
#   Decrease Java heap size (-Xmx/-Xms)
#   Decrease number of Java threads
#   Decrease Java thread stack sizes (-Xss)
#   Set larger code cache with -XX:ReservedCodeCacheSize=
#   JVM is running with Unscaled Compressed Oops mode in which the Java heap is
#     placed in the first 4GB address space. The Java Heap base address is the
#     maximum limit for the native heap growth. Please use -XX:HeapBaseMinAddress
#     to set the Java Heap base and to place the Java Heap above 4GB virtual address.
# This output file may be truncated or incomplete.
#
#  Out of Memory Error (arena.cpp:168), pid=4340, tid=10264
#
# JRE version: OpenJDK Runtime Environment Temurin-21.0.11+10 (21.0.11+10) (build 21.0.11+10-LTS)
# Java VM: OpenJDK 64-Bit Server VM Temurin-21.0.11+10 (21.0.11+10-LTS, mixed mode, sharing, tiered, compressed oops, compressed class ptrs, parallel gc, windows-amd64)
# No core dump will be written. Minidumps are not enabled by default on client versions of Windows
#

---------------  S U M M A R Y ------------

Command Line: --add-modules=ALL-SYSTEM --add-opens=java.base/java.util=ALL-UNNAMED --add-opens=java.base/java.lang=ALL-UNNAMED --add-opens=java.base/sun.nio.fs=ALL-UNNAMED -Declipse.application=org.eclipse.jdt.ls.core.id1 -Dosgi.bundles.defaultStartLevel=4 -Declipse.product=org.eclipse.jdt.ls.core.product -Djava.import.generatesMetadataFilesAtProjectRoot=false -DDetectVMInstallationsJob.disabled=true -Dfile.encoding=utf8 -XX:+UseParallelGC -XX:GCTimeRatio=4 -XX:AdaptiveSizePolicyWeight=90 -Dsun.zip.disableMemoryMapping=true -Xmx2G -Xms100m -Xlog:disable -javaagent:c:\Users\User\.vscode\extensions\redhat.java-1.55.0-win32-x64\lombok\lombok-1.18.39-4050.jar -XX:+HeapDumpOnOutOfMemoryError -XX:HeapDumpPath=c:\Users\User\AppData\Roaming\Code\User\workspaceStorage\e2ff1c3adfc83bf8c156162644840784\redhat.java -Daether.dependencyCollector.impl=bf c:\Users\User\.vscode\extensions\redhat.java-1.55.0-win32-x64\server\plugins\org.eclipse.equinox.launcher_1.7.200.v20260619-2039.jar -configuration c:\Users\User\AppData\Roaming\Code\User\globalStorage\redhat.java\1.55.0\config_win -data c:\Users\User\AppData\Roaming\Code\User\workspaceStorage\e2ff1c3adfc83bf8c156162644840784\redhat.java\jdt_ws --pipe=\\.\pipe\lsp-e0cd44a27dd3b44e1c0056c5185d724d-sock

Host: Intel(R) Core(TM) i5-10500H CPU @ 2.50GHz, 12 cores, 7G,  Windows 11 , 64 bit Build 26100 (10.0.26100.8737)
Time: Thu Jul  2 16:39:23 2026 SE Asia Standard Time elapsed time: 27.194776 seconds (0d 0h 0m 27s)

---------------  T H R E A D  ---------------

Current thread (0x000001de052709d0):  JavaThread "C2 CompilerThread0" daemon [_thread_in_native, id=10264, stack(0x00000072a8900000,0x00000072a8a00000) (1024K)]


Current CompileTask:
C2:27194 4335       4       org.lombokweb.asm.ClassReader::readMethod (1070 bytes)

Stack: [0x00000072a8900000,0x00000072a8a00000]
Native frames: (J=compiled Java code, j=interpreted, Vv=VM code, C=native code)
V  [jvm.dll+0x6d7e19]
V  [jvm.dll+0x8b5096]
V  [jvm.dll+0x8b764e]
V  [jvm.dll+0x8b7d33]
V  [jvm.dll+0x284596]
V  [jvm.dll+0xc685d]
V  [jvm.dll+0xc6da1]
V  [jvm.dll+0x3bed31]
V  [jvm.dll+0x1e4149]
V  [jvm.dll+0x24c853]
V  [jvm.dll+0x24bce0]
V  [jvm.dll+0x1cb4ae]
V  [jvm.dll+0x25baad]
V  [jvm.dll+0x25a03a]
V  [jvm.dll+0x3f868e]
V  [jvm.dll+0x85fb0d]
V  [jvm.dll+0x6d664d]
C  [ucrtbase.dll+0x2cd30]
C  [KERNEL32.DLL+0x2e957]
C  [ntdll.dll+0xaad6c]


---------------  P R O C E S S  ---------------

Threads class SMR info:
_java_thread_list=0x000001de0ca40bf0, length=23, elements={
0x000001ddac4a29a0, 0x000001ddac429390, 0x000001ddac54e7a0, 0x000001ddac4357c0,
0x000001ddac4365d0, 0x000001ddac43a480, 0x000001ddac43d200, 0x000001de052709d0,
0x000001de05271cc0, 0x000001de05459c50, 0x000001de055a0ab0, 0x000001de067f36f0,
0x000001de052a6200, 0x000001de052a6890, 0x000001de052a75b0, 0x000001de052a7c40,
0x000001de052a54e0, 0x000001de052a6f20, 0x000001de052a82d0, 0x000001de052a4e50,
0x000001de052a5b70, 0x000001de0644c540, 0x000001de0644cbd0
}
_to_delete_list=0x000001de0b062860, length=22, elements={
0x000001ddac4a29a0, 0x000001ddac429390, 0x000001ddac54e7a0, 0x000001ddac4357c0,
0x000001ddac4365d0, 0x000001ddac43a480, 0x000001ddac43d200, 0x000001de052709d0,
0x000001de05271cc0, 0x000001de05459c50, 0x000001de055a0ab0, 0x000001de067f36f0,
0x000001de052a6200, 0x000001de052a6890, 0x000001de052a75b0, 0x000001de052a7c40,
0x000001de052a54e0, 0x000001de052a6f20, 0x000001de052a82d0, 0x000001de052a4e50,
0x000001de052a5b70, 0x000001de0644c540
}

Java Threads: ( => current thread )
  0x000001ddac4a29a0 JavaThread "main"                              [_thread_blocked, id=3560, stack(0x00000072a7f00000,0x00000072a8000000) (1024K)]
  0x000001ddac429390 JavaThread "Reference Handler"          daemon [_thread_blocked, id=8884, stack(0x00000072a8300000,0x00000072a8400000) (1024K)]
  0x000001ddac54e7a0 JavaThread "Finalizer"                  daemon [_thread_blocked, id=12380, stack(0x00000072a8400000,0x00000072a8500000) (1024K)]
  0x000001ddac4357c0 JavaThread "Signal Dispatcher"          daemon [_thread_blocked, id=9860, stack(0x00000072a8500000,0x00000072a8600000) (1024K)]
  0x000001ddac4365d0 JavaThread "Attach Listener"            daemon [_thread_blocked, id=13708, stack(0x00000072a8600000,0x00000072a8700000) (1024K)]
  0x000001ddac43a480 JavaThread "Service Thread"             daemon [_thread_blocked, id=6960, stack(0x00000072a8700000,0x00000072a8800000) (1024K)]
  0x000001ddac43d200 JavaThread "Monitor Deflation Thread"   daemon [_thread_blocked, id=17276, stack(0x00000072a8800000,0x00000072a8900000) (1024K)]
=>0x000001de052709d0 JavaThread "C2 CompilerThread0"         daemon [_thread_in_native, id=10264, stack(0x00000072a8900000,0x00000072a8a00000) (1024K)]
  0x000001de05271cc0 JavaThread "C1 CompilerThread0"         daemon [_thread_in_native, id=6424, stack(0x00000072a8a00000,0x00000072a8b00000) (1024K)]
  0x000001de05459c50 JavaThread "Common-Cleaner"             daemon [_thread_blocked, id=12036, stack(0x00000072a8b00000,0x00000072a8c00000) (1024K)]
  0x000001de055a0ab0 JavaThread "Notification Thread"        daemon [_thread_blocked, id=15268, stack(0x00000072a8d00000,0x00000072a8e00000) (1024K)]
  0x000001de067f36f0 JavaThread "Active Thread: Equinox Container: 8ecc5c14-4ad1-4f6c-a55d-6b6fdbffb962"        [_thread_blocked, id=3364, stack(0x00000072a9a00000,0x00000072a9b00000) (1024K)]
  0x000001de052a6200 JavaThread "Framework Event Dispatcher: Equinox Container: 8ecc5c14-4ad1-4f6c-a55d-6b6fdbffb962" daemon [_thread_blocked, id=5056, stack(0x00000072a8c00000,0x00000072a8d00000) (1024K)]
  0x000001de052a6890 JavaThread "Start Level: Equinox Container: 8ecc5c14-4ad1-4f6c-a55d-6b6fdbffb962" daemon [_thread_in_Java, id=15616, stack(0x00000072a9b00000,0x00000072a9c00000) (1024K)]
  0x000001de052a75b0 JavaThread "Bundle File Closer"         daemon [_thread_blocked, id=15112, stack(0x00000072a9d00000,0x00000072a9e00000) (1024K)]
  0x000001de052a7c40 JavaThread "Refresh Thread: Equinox Container: 8ecc5c14-4ad1-4f6c-a55d-6b6fdbffb962" daemon [_thread_blocked, id=17208, stack(0x00000072a9e00000,0x00000072a9f00000) (1024K)]
  0x000001de052a54e0 JavaThread "SCR Component Actor"        daemon [_thread_blocked, id=15876, stack(0x00000072a9400000,0x00000072a9500000) (1024K)]
  0x000001de052a6f20 JavaThread "Worker-JM"                         [_thread_blocked, id=2944, stack(0x00000072a9500000,0x00000072a9600000) (1024K)]
  0x000001de052a82d0 JavaThread "Worker-0: Updating Maven Dependencies"        [_thread_blocked, id=3280, stack(0x00000072a9600000,0x00000072a9700000) (1024K)]
  0x000001de052a4e50 JavaThread "Worker-1: Repository registry initialization"        [_thread_in_native, id=13592, stack(0x00000072a9700000,0x00000072a9800000) (1024K)]
  0x000001de052a5b70 JavaThread "Java indexing"              daemon [_thread_blocked, id=13156, stack(0x00000072a9800000,0x00000072a9900000) (1024K)]
  0x000001de0644c540 JavaThread "Worker-2"                          [_thread_blocked, id=16400, stack(0x00000072a9900000,0x00000072a9a00000) (1024K)]
  0x000001de0644cbd0 JavaThread "Worker-3"                          [_thread_blocked, id=11572, stack(0x00000072a9f00000,0x00000072aa000000) (1024K)]
Total: 23

Other Threads:
  0x000001ddac424a10 VMThread "VM Thread"                           [id=13252, stack(0x00000072a8200000,0x00000072a8300000) (1024K)]
  0x000001ddac31ca00 WatcherThread "VM Periodic Task Thread"        [id=8256, stack(0x00000072a8100000,0x00000072a8200000) (1024K)]
  0x000001ddac4bd960 WorkerThread "GC Thread#0"                     [id=16460, stack(0x00000072a8000000,0x00000072a8100000) (1024K)]
  0x000001de06683d10 WorkerThread "GC Thread#1"                     [id=14092, stack(0x00000072a8e00000,0x00000072a8f00000) (1024K)]
  0x000001de055e1640 WorkerThread "GC Thread#2"                     [id=16016, stack(0x00000072a8f00000,0x00000072a9000000) (1024K)]
  0x000001de06688500 WorkerThread "GC Thread#3"                     [id=15152, stack(0x00000072a9000000,0x00000072a9100000) (1024K)]
  0x000001de066888b0 WorkerThread "GC Thread#4"                     [id=2752, stack(0x00000072a9100000,0x00000072a9200000) (1024K)]
  0x000001de06411fd0 WorkerThread "GC Thread#5"                     [id=14700, stack(0x00000072a9200000,0x00000072a9300000) (1024K)]
  0x000001de06412380 WorkerThread "GC Thread#6"                     [id=6148, stack(0x00000072a9300000,0x00000072a9400000) (1024K)]
  0x000001de055a7d20 WorkerThread "GC Thread#7"                     [id=10164, stack(0x00000072a9c00000,0x00000072a9d00000) (1024K)]
  0x000001de0b10b3d0 WorkerThread "GC Thread#8"                     [id=10648, stack(0x00000072aa500000,0x00000072aa600000) (1024K)]
  0x000001de067032d0 WorkerThread "GC Thread#9"                     [id=10920, stack(0x00000072aa600000,0x00000072aa700000) (1024K)]
Total: 12

Threads with active compile tasks:
C2 CompilerThread0  27440 4335       4       org.lombokweb.asm.ClassReader::readMethod (1070 bytes)
C1 CompilerThread0  27440 4670       3       jdk.internal.org.objectweb.asm.ByteVector::putShort (52 bytes)
Total: 2

VM state: not at safepoint (normal execution)

VM Mutex/Monitor currently owned by a thread: None

Heap address: 0x0000000080000000, size: 2048 MB, Compressed Oops mode: 32-bit

CDS archive(s) mapped at: [0x000001ddc3000000-0x000001ddc3ba0000-0x000001ddc3ba0000), size 12189696, SharedBaseAddress: 0x000001ddc3000000, ArchiveRelocationMode: 1.
Compressed class space mapped at: 0x000001ddc4000000-0x000001de04000000, reserved size: 1073741824
Narrow klass base: 0x000001ddc3000000, Narrow klass shift: 0, Narrow klass range: 0x100000000

GC Precious Log:
 CardTable entry size: 512
 CPUs: 12 total, 12 available
 Memory: 8013M
 Large Page Support: Disabled
 NUMA Support: Disabled
 Compressed Oops: Enabled (32-bit)
 Alignments: Space 512K, Generation 512K, Heap 2M
 Heap Min Capacity: 100M
 Heap Initial Capacity: 100M
 Heap Max Capacity: 2G
 Pre-touch: Disabled
 Parallel Workers: 10

Heap:
 PSYoungGen      total 23552K, used 12099K [0x00000000d5580000, 0x00000000d7180000, 0x0000000100000000)
  eden space 22016K, 48% used [0x00000000d5580000,0x00000000d5fdc390,0x00000000d6b00000)
  from space 1536K, 97% used [0x00000000d7000000,0x00000000d71748a8,0x00000000d7180000)
  to   space 2048K, 0% used [0x00000000d6d80000,0x00000000d6d80000,0x00000000d6f80000)
 ParOldGen       total 68608K, used 14505K [0x0000000080000000, 0x0000000084300000, 0x00000000d5580000)
  object space 68608K, 21% used [0x0000000080000000,0x0000000080e2a740,0x0000000084300000)
 Metaspace       used 29579K, committed 30528K, reserved 1114112K
  class space    used 2878K, committed 3264K, reserved 1048576K

Card table byte_map: [0x000001ddabe30000,0x000001ddac240000] _byte_map_base: 0x000001ddaba30000

Marking Bits: (ParMarkBitMap*) 0x00007fff96544460
 Begin Bits: [0x000001ddbe940000, 0x000001ddc0940000)
 End Bits:   [0x000001ddc0940000, 0x000001ddc2940000)

Polling page: 0x000001ddaa270000

Metaspace:

Usage:
  Non-class:     26.08 MB used.
      Class:      2.81 MB used.
       Both:     28.89 MB used.

Virtual space:
  Non-class space:       64.00 MB reserved,      26.62 MB ( 42%) committed,  1 nodes.
      Class space:        1.00 GB reserved,       3.19 MB ( <1%) committed,  1 nodes.
             Both:        1.06 GB reserved,      29.81 MB (  3%) committed. 

Chunk freelists:
   Non-Class:  5.36 MB
       Class:  12.81 MB
        Both:  18.17 MB

MaxMetaspaceSize: unlimited
CompressedClassSpaceSize: 1.00 GB
Initial GC threshold: 21.00 MB
Current GC threshold: 35.00 MB
CDS: on
 - commit_granule_bytes: 65536.
 - commit_granule_words: 8192.
 - virtual_space_node_default_size: 8388608.
 - enlarge_chunks_in_place: 1.
 - use_allocation_guard: 0.


Internal statistics:

num_allocs_failed_limit: 3.
num_arena_births: 678.
num_arena_deaths: 14.
num_vsnodes_births: 2.
num_vsnodes_deaths: 0.
num_space_committed: 477.
num_space_uncommitted: 0.
num_chunks_returned_to_freelist: 17.
num_chunks_taken_from_freelist: 1798.
num_chunk_merges: 7.
num_chunk_splits: 1190.
num_chunks_enlarged: 783.
num_inconsistent_stats: 0.

CodeHeap 'non-profiled nmethods': size=120000Kb used=1916Kb max_used=1916Kb free=118083Kb
 bounds [0x000001ddb7160000, 0x000001ddb73d0000, 0x000001ddbe690000]
CodeHeap 'profiled nmethods': size=120000Kb used=9791Kb max_used=9791Kb free=110208Kb
 bounds [0x000001ddaf690000, 0x000001ddb0020000, 0x000001ddb6bc0000]
CodeHeap 'non-nmethods': size=5760Kb used=1336Kb max_used=1336Kb free=4423Kb
 bounds [0x000001ddb6bc0000, 0x000001ddb6e30000, 0x000001ddb7160000]
CodeCache: size=245760Kb, used=13043Kb, max_used=13043Kb, free=232714Kb
 total_blobs=5262, nmethods=4636, adapters=532, full_count=0
Compilation: enabled, stopped_count=0, restarted_count=0

Compilation events (20 events):
Event: 26.112 Thread 0x000001de05271cc0 4611       2       org.eclipse.core.internal.registry.ConfigurationElementHandle::getName (8 bytes)
Event: 26.113 Thread 0x000001de05271cc0 nmethod 4611 0x000001ddb0009390 code [0x000001ddb0009540, 0x000001ddb00096c8]
Event: 26.113 Thread 0x000001de05271cc0 4612       3       java.lang.String::getBytes (44 bytes)
Event: 26.113 Thread 0x000001de05271cc0 nmethod 4612 0x000001ddb0009810 code [0x000001ddb00099e0, 0x000001ddb0009ce8]
Event: 26.113 Thread 0x000001de05271cc0 4613       2       org.eclipse.core.internal.preferences.DefaultPreferences::getScopeRelativePath (43 bytes)
Event: 26.113 Thread 0x000001de05271cc0 nmethod 4613 0x000001ddb0009e10 code [0x000001ddb0009fe0, 0x000001ddb000a1f0]
Event: 26.114 Thread 0x000001de05271cc0 4614       2       java.util.LinkedList::unlinkFirst (64 bytes)
Event: 26.114 Thread 0x000001de05271cc0 nmethod 4614 0x000001ddb000a390 code [0x000001ddb000a520, 0x000001ddb000a6d0]
Event: 26.118 Thread 0x000001de05271cc0 4615       2       aQute.bnd.stream.MapStream::empty (7 bytes)
Event: 26.118 Thread 0x000001de05271cc0 nmethod 4615 0x000001ddb000a790 code [0x000001ddb000a960, 0x000001ddb000ac18]
Event: 26.118 Thread 0x000001de05271cc0 4616       2       aQute.bnd.stream.MapStream::of (9 bytes)
Event: 26.118 Thread 0x000001de05271cc0 nmethod 4616 0x000001ddb000ad90 code [0x000001ddb000af40, 0x000001ddb000b1b0]
Event: 26.118 Thread 0x000001de05271cc0 4617       1       java.lang.reflect.Constructor::getConstructorAccessor (5 bytes)
Event: 26.118 Thread 0x000001de05271cc0 nmethod 4617 0x000001ddb733b690 code [0x000001ddb733b820, 0x000001ddb733b8e8]
Event: 26.118 Thread 0x000001de05271cc0 4618       1       java.lang.reflect.Constructor::getRoot (5 bytes)
Event: 26.118 Thread 0x000001de05271cc0 nmethod 4618 0x000001ddb733b990 code [0x000001ddb733bb20, 0x000001ddb733bbe8]
Event: 26.119 Thread 0x000001de05271cc0 4619       2       org.eclipse.core.runtime.ServiceCaller$ReferenceAndService::bundleChanged (32 bytes)
Event: 26.120 Thread 0x000001de05271cc0 nmethod 4619 0x000001ddb000b310 code [0x000001ddb000b500, 0x000001ddb000b908]
Event: 26.133 Thread 0x000001de05271cc0 4622   !   2       java.io.FileOutputStream::write (47 bytes)
Event: 26.133 Thread 0x000001de05271cc0 nmethod 4622 0x000001ddb000bc90 code [0x000001ddb000be60, 0x000001ddb000c060]

GC Heap History (20 events):
Event: 9.182 GC heap before
{Heap before GC invocations=4 (full 0):
 PSYoungGen      total 29696K, used 29681K [0x00000000d5580000, 0x00000000d7680000, 0x0000000100000000)
  eden space 25600K, 100% used [0x00000000d5580000,0x00000000d6e80000,0x00000000d6e80000)
  from space 4096K, 99% used [0x00000000d6e80000,0x00000000d727c580,0x00000000d7280000)
  to   space 4096K, 0% used [0x00000000d7280000,0x00000000d7280000,0x00000000d7680000)
 ParOldGen       total 68608K, used 4606K [0x0000000080000000, 0x0000000084300000, 0x00000000d5580000)
  object space 68608K, 6% used [0x0000000080000000,0x000000008047fa50,0x0000000084300000)
 Metaspace       used 10091K, committed 10368K, reserved 1114112K
  class space    used 1054K, committed 1152K, reserved 1048576K
}
Event: 9.186 GC heap after
{Heap after GC invocations=4 (full 0):
 PSYoungGen      total 29696K, used 4089K [0x00000000d5580000, 0x00000000d7680000, 0x0000000100000000)
  eden space 25600K, 0% used [0x00000000d5580000,0x00000000d5580000,0x00000000d6e80000)
  from space 4096K, 99% used [0x00000000d7280000,0x00000000d767e6e0,0x00000000d7680000)
  to   space 4096K, 0% used [0x00000000d6e80000,0x00000000d6e80000,0x00000000d7280000)
 ParOldGen       total 68608K, used 6517K [0x0000000080000000, 0x0000000084300000, 0x00000000d5580000)
  object space 68608K, 9% used [0x0000000080000000,0x000000008065d4b0,0x0000000084300000)
 Metaspace       used 10091K, committed 10368K, reserved 1114112K
  class space    used 1054K, committed 1152K, reserved 1048576K
}
Event: 19.184 GC heap before
{Heap before GC invocations=5 (full 0):
 PSYoungGen      total 29696K, used 29689K [0x00000000d5580000, 0x00000000d7680000, 0x0000000100000000)
  eden space 25600K, 100% used [0x00000000d5580000,0x00000000d6e80000,0x00000000d6e80000)
  from space 4096K, 99% used [0x00000000d7280000,0x00000000d767e6e0,0x00000000d7680000)
  to   space 4096K, 0% used [0x00000000d6e80000,0x00000000d6e80000,0x00000000d7280000)
 ParOldGen       total 68608K, used 6517K [0x0000000080000000, 0x0000000084300000, 0x00000000d5580000)
  object space 68608K, 9% used [0x0000000080000000,0x000000008065d4b0,0x0000000084300000)
 Metaspace       used 10718K, committed 11008K, reserved 1114112K
  class space    used 1104K, committed 1216K, reserved 1048576K
}
Event: 19.188 GC heap after
{Heap after GC invocations=5 (full 0):
 PSYoungGen      total 29184K, used 4086K [0x00000000d5580000, 0x00000000d7900000, 0x0000000100000000)
  eden space 25088K, 0% used [0x00000000d5580000,0x00000000d5580000,0x00000000d6e00000)
  from space 4096K, 99% used [0x00000000d6e80000,0x00000000d727dac0,0x00000000d7280000)
  to   space 5632K, 0% used [0x00000000d7380000,0x00000000d7380000,0x00000000d7900000)
 ParOldGen       total 68608K, used 6901K [0x0000000080000000, 0x0000000084300000, 0x00000000d5580000)
  object space 68608K, 10% used [0x0000000080000000,0x00000000806bd4b0,0x0000000084300000)
 Metaspace       used 10718K, committed 11008K, reserved 1114112K
  class space    used 1104K, committed 1216K, reserved 1048576K
}
Event: 23.686 GC heap before
{Heap before GC invocations=6 (full 0):
 PSYoungGen      total 29184K, used 29174K [0x00000000d5580000, 0x00000000d7900000, 0x0000000100000000)
  eden space 25088K, 100% used [0x00000000d5580000,0x00000000d6e00000,0x00000000d6e00000)
  from space 4096K, 99% used [0x00000000d6e80000,0x00000000d727dac0,0x00000000d7280000)
  to   space 5632K, 0% used [0x00000000d7380000,0x00000000d7380000,0x00000000d7900000)
 ParOldGen       total 68608K, used 6901K [0x0000000080000000, 0x0000000084300000, 0x00000000d5580000)
  object space 68608K, 10% used [0x0000000080000000,0x00000000806bd4b0,0x0000000084300000)
 Metaspace       used 14159K, committed 14720K, reserved 1114112K
  class space    used 1452K, committed 1664K, reserved 1048576K
}
Event: 23.701 GC heap after
{Heap after GC invocations=6 (full 0):
 PSYoungGen      total 29696K, used 5616K [0x00000000d5580000, 0x00000000d7a80000, 0x0000000100000000)
  eden space 24064K, 0% used [0x00000000d5580000,0x00000000d5580000,0x00000000d6d00000)
  from space 5632K, 99% used [0x00000000d7380000,0x00000000d78fc050,0x00000000d7900000)
  to   space 6656K, 0% used [0x00000000d6d00000,0x00000000d6d00000,0x00000000d7380000)
 ParOldGen       total 68608K, used 7173K [0x0000000080000000, 0x0000000084300000, 0x00000000d5580000)
  object space 68608K, 10% used [0x0000000080000000,0x00000000807014b0,0x0000000084300000)
 Metaspace       used 14159K, committed 14720K, reserved 1114112K
  class space    used 1452K, committed 1664K, reserved 1048576K
}
Event: 25.184 GC heap before
{Heap before GC invocations=7 (full 0):
 PSYoungGen      total 29696K, used 29680K [0x00000000d5580000, 0x00000000d7a80000, 0x0000000100000000)
  eden space 24064K, 100% used [0x00000000d5580000,0x00000000d6d00000,0x00000000d6d00000)
  from space 5632K, 99% used [0x00000000d7380000,0x00000000d78fc050,0x00000000d7900000)
  to   space 6656K, 0% used [0x00000000d6d00000,0x00000000d6d00000,0x00000000d7380000)
 ParOldGen       total 68608K, used 7173K [0x0000000080000000, 0x0000000084300000, 0x00000000d5580000)
  object space 68608K, 10% used [0x0000000080000000,0x00000000807014b0,0x0000000084300000)
 Metaspace       used 17638K, committed 18304K, reserved 1114112K
  class space    used 1821K, committed 2112K, reserved 1048576K
}
Event: 25.190 GC heap after
{Heap after GC invocations=7 (full 0):
 PSYoungGen      total 29184K, used 5398K [0x00000000d5580000, 0x00000000d7780000, 0x0000000100000000)
  eden space 23552K, 0% used [0x00000000d5580000,0x00000000d5580000,0x00000000d6c80000)
  from space 5632K, 95% used [0x00000000d6d00000,0x00000000d7245b28,0x00000000d7280000)
  to   space 5120K, 0% used [0x00000000d7280000,0x00000000d7280000,0x00000000d7780000)
 ParOldGen       total 68608K, used 8420K [0x0000000080000000, 0x0000000084300000, 0x00000000d5580000)
  object space 68608K, 12% used [0x0000000080000000,0x0000000080839190,0x0000000084300000)
 Metaspace       used 17638K, committed 18304K, reserved 1114112K
  class space    used 1821K, committed 2112K, reserved 1048576K
}
Event: 25.481 GC heap before
{Heap before GC invocations=8 (full 0):
 PSYoungGen      total 29184K, used 28950K [0x00000000d5580000, 0x00000000d7780000, 0x0000000100000000)
  eden space 23552K, 100% used [0x00000000d5580000,0x00000000d6c80000,0x00000000d6c80000)
  from space 5632K, 95% used [0x00000000d6d00000,0x00000000d7245b28,0x00000000d7280000)
  to   space 5120K, 0% used [0x00000000d7280000,0x00000000d7280000,0x00000000d7780000)
 ParOldGen       total 68608K, used 8420K [0x0000000080000000, 0x0000000084300000, 0x00000000d5580000)
  object space 68608K, 12% used [0x0000000080000000,0x0000000080839190,0x0000000084300000)
 Metaspace       used 19673K, committed 20416K, reserved 1114112K
  class space    used 2052K, committed 2368K, reserved 1048576K
}
Event: 25.485 GC heap after
{Heap after GC invocations=8 (full 0):
 PSYoungGen      total 28160K, used 4624K [0x00000000d5580000, 0x00000000d7780000, 0x0000000100000000)
  eden space 23040K, 0% used [0x00000000d5580000,0x00000000d5580000,0x00000000d6c00000)
  from space 5120K, 90% used [0x00000000d7280000,0x00000000d7704240,0x00000000d7780000)
  to   space 5120K, 0% used [0x00000000d6d80000,0x00000000d6d80000,0x00000000d7280000)
 ParOldGen       total 68608K, used 9336K [0x0000000080000000, 0x0000000084300000, 0x00000000d5580000)
  object space 68608K, 13% used [0x0000000080000000,0x000000008091e128,0x0000000084300000)
 Metaspace       used 19673K, committed 20416K, reserved 1114112K
  class space    used 2052K, committed 2368K, reserved 1048576K
}
Event: 25.547 GC heap before
{Heap before GC invocations=9 (full 0):
 PSYoungGen      total 28160K, used 11469K [0x00000000d5580000, 0x00000000d7780000, 0x0000000100000000)
  eden space 23040K, 29% used [0x00000000d5580000,0x00000000d5c2f308,0x00000000d6c00000)
  from space 5120K, 90% used [0x00000000d7280000,0x00000000d7704240,0x00000000d7780000)
  to   space 5120K, 0% used [0x00000000d6d80000,0x00000000d6d80000,0x00000000d7280000)
 ParOldGen       total 68608K, used 9336K [0x0000000080000000, 0x0000000084300000, 0x00000000d5580000)
  object space 68608K, 13% used [0x0000000080000000,0x000000008091e128,0x0000000084300000)
 Metaspace       used 20740K, committed 21504K, reserved 1114112K
  class space    used 2136K, committed 2496K, reserved 1048576K
}
Event: 25.549 GC heap after
{Heap after GC invocations=9 (full 0):
 PSYoungGen      total 26624K, used 3198K [0x00000000d5580000, 0x00000000d7400000, 0x0000000100000000)
  eden space 23040K, 0% used [0x00000000d5580000,0x00000000d5580000,0x00000000d6c00000)
  from space 3584K, 89% used [0x00000000d6d80000,0x00000000d709fa40,0x00000000d7100000)
  to   space 3072K, 0% used [0x00000000d7100000,0x00000000d7100000,0x00000000d7400000)
 ParOldGen       total 68608K, used 11024K [0x0000000080000000, 0x0000000084300000, 0x00000000d5580000)
  object space 68608K, 16% used [0x0000000080000000,0x0000000080ac41d0,0x0000000084300000)
 Metaspace       used 20740K, committed 21504K, reserved 1114112K
  class space    used 2136K, committed 2496K, reserved 1048576K
}
Event: 25.549 GC heap before
{Heap before GC invocations=10 (full 1):
 PSYoungGen      total 26624K, used 3198K [0x00000000d5580000, 0x00000000d7400000, 0x0000000100000000)
  eden space 23040K, 0% used [0x00000000d5580000,0x00000000d5580000,0x00000000d6c00000)
  from space 3584K, 89% used [0x00000000d6d80000,0x00000000d709fa40,0x00000000d7100000)
  to   space 3072K, 0% used [0x00000000d7100000,0x00000000d7100000,0x00000000d7400000)
 ParOldGen       total 68608K, used 11024K [0x0000000080000000, 0x0000000084300000, 0x00000000d5580000)
  object space 68608K, 16% used [0x0000000080000000,0x0000000080ac41d0,0x0000000084300000)
 Metaspace       used 20740K, committed 21504K, reserved 1114112K
  class space    used 2136K, committed 2496K, reserved 1048576K
}
Event: 25.575 GC heap after
{Heap after GC invocations=10 (full 1):
 PSYoungGen      total 26624K, used 0K [0x00000000d5580000, 0x00000000d7400000, 0x0000000100000000)
  eden space 23040K, 0% used [0x00000000d5580000,0x00000000d5580000,0x00000000d6c00000)
  from space 3584K, 0% used [0x00000000d6d80000,0x00000000d6d80000,0x00000000d7100000)
  to   space 3072K, 0% used [0x00000000d7100000,0x00000000d7100000,0x00000000d7400000)
 ParOldGen       total 68608K, used 12510K [0x0000000080000000, 0x0000000084300000, 0x00000000d5580000)
  object space 68608K, 18% used [0x0000000080000000,0x0000000080c37b00,0x0000000084300000)
 Metaspace       used 20728K, committed 21504K, reserved 1114112K
  class space    used 2133K, committed 2496K, reserved 1048576K
}
Event: 25.676 GC heap before
{Heap before GC invocations=11 (full 1):
 PSYoungGen      total 26624K, used 23040K [0x00000000d5580000, 0x00000000d7400000, 0x0000000100000000)
  eden space 23040K, 100% used [0x00000000d5580000,0x00000000d6c00000,0x00000000d6c00000)
  from space 3584K, 0% used [0x00000000d6d80000,0x00000000d6d80000,0x00000000d7100000)
  to   space 3072K, 0% used [0x00000000d7100000,0x00000000d7100000,0x00000000d7400000)
 ParOldGen       total 68608K, used 12510K [0x0000000080000000, 0x0000000084300000, 0x00000000d5580000)
  object space 68608K, 18% used [0x0000000080000000,0x0000000080c37b00,0x0000000084300000)
 Metaspace       used 22999K, committed 23808K, reserved 1114112K
  class space    used 2270K, committed 2624K, reserved 1048576K
}
Event: 25.679 GC heap after
{Heap after GC invocations=11 (full 1):
 PSYoungGen      total 23040K, used 352K [0x00000000d5580000, 0x00000000d7180000, 0x0000000100000000)
  eden space 22528K, 0% used [0x00000000d5580000,0x00000000d5580000,0x00000000d6b80000)
  from space 512K, 68% used [0x00000000d7100000,0x00000000d7158000,0x00000000d7180000)
  to   space 1536K, 0% used [0x00000000d6e80000,0x00000000d6e80000,0x00000000d7000000)
 ParOldGen       total 68608K, used 12510K [0x0000000080000000, 0x0000000084300000, 0x00000000d5580000)
  object space 68608K, 18% used [0x0000000080000000,0x0000000080c37b00,0x0000000084300000)
 Metaspace       used 22999K, committed 23808K, reserved 1114112K
  class space    used 2270K, committed 2624K, reserved 1048576K
}
Event: 25.801 GC heap before
{Heap before GC invocations=12 (full 1):
 PSYoungGen      total 23040K, used 22880K [0x00000000d5580000, 0x00000000d7180000, 0x0000000100000000)
  eden space 22528K, 100% used [0x00000000d5580000,0x00000000d6b80000,0x00000000d6b80000)
  from space 512K, 68% used [0x00000000d7100000,0x00000000d7158000,0x00000000d7180000)
  to   space 1536K, 0% used [0x00000000d6e80000,0x00000000d6e80000,0x00000000d7000000)
 ParOldGen       total 68608K, used 12510K [0x0000000080000000, 0x0000000084300000, 0x00000000d5580000)
  object space 68608K, 18% used [0x0000000080000000,0x0000000080c37b00,0x0000000084300000)
 Metaspace       used 25496K, committed 26304K, reserved 1114112K
  class space    used 2468K, committed 2816K, reserved 1048576K
}
Event: 25.803 GC heap after
{Heap after GC invocations=12 (full 1):
 PSYoungGen      total 23552K, used 1403K [0x00000000d5580000, 0x00000000d7180000, 0x0000000100000000)
  eden space 22016K, 0% used [0x00000000d5580000,0x00000000d5580000,0x00000000d6b00000)
  from space 1536K, 91% used [0x00000000d6e80000,0x00000000d6fdeda0,0x00000000d7000000)
  to   space 1536K, 0% used [0x00000000d7000000,0x00000000d7000000,0x00000000d7180000)
 ParOldGen       total 68608K, used 13392K [0x0000000080000000, 0x0000000084300000, 0x00000000d5580000)
  object space 68608K, 19% used [0x0000000080000000,0x0000000080d140f8,0x0000000084300000)
 Metaspace       used 25496K, committed 26304K, reserved 1114112K
  class space    used 2468K, committed 2816K, reserved 1048576K
}
Event: 26.040 GC heap before
{Heap before GC invocations=13 (full 1):
 PSYoungGen      total 23552K, used 23419K [0x00000000d5580000, 0x00000000d7180000, 0x0000000100000000)
  eden space 22016K, 100% used [0x00000000d5580000,0x00000000d6b00000,0x00000000d6b00000)
  from space 1536K, 91% used [0x00000000d6e80000,0x00000000d6fdeda0,0x00000000d7000000)
  to   space 1536K, 0% used [0x00000000d7000000,0x00000000d7000000,0x00000000d7180000)
 ParOldGen       total 68608K, used 13392K [0x0000000080000000, 0x0000000084300000, 0x00000000d5580000)
  object space 68608K, 19% used [0x0000000080000000,0x0000000080d140f8,0x0000000084300000)
 Metaspace       used 27771K, committed 28608K, reserved 1114112K
  class space    used 2672K, committed 3008K, reserved 1048576K
}
Event: 26.042 GC heap after
{Heap after GC invocations=13 (full 1):
 PSYoungGen      total 23552K, used 1490K [0x00000000d5580000, 0x00000000d7180000, 0x0000000100000000)
  eden space 22016K, 0% used [0x00000000d5580000,0x00000000d5580000,0x00000000d6b00000)
  from space 1536K, 97% used [0x00000000d7000000,0x00000000d71748a8,0x00000000d7180000)
  to   space 2048K, 0% used [0x00000000d6d80000,0x00000000d6d80000,0x00000000d6f80000)
 ParOldGen       total 68608K, used 14505K [0x0000000080000000, 0x0000000084300000, 0x00000000d5580000)
  object space 68608K, 21% used [0x0000000080000000,0x0000000080e2a740,0x0000000084300000)
 Metaspace       used 27771K, committed 28608K, reserved 1114112K
  class space    used 2672K, committed 3008K, reserved 1048576K
}

Dll operation events (11 events):
Event: 0.111 Loaded shared library c:\Users\User\.vscode\extensions\redhat.java-1.55.0-win32-x64\jre\21.0.11-win32-x86_64\bin\java.dll
Event: 0.212 Loaded shared library c:\Users\User\.vscode\extensions\redhat.java-1.55.0-win32-x64\jre\21.0.11-win32-x86_64\bin\zip.dll
Event: 0.233 Loaded shared library C:\Users\User\.vscode\extensions\redhat.java-1.55.0-win32-x64\jre\21.0.11-win32-x86_64\bin\instrument.dll
Event: 0.266 Loaded shared library C:\Users\User\.vscode\extensions\redhat.java-1.55.0-win32-x64\jre\21.0.11-win32-x86_64\bin\net.dll
Event: 0.302 Loaded shared library C:\Users\User\.vscode\extensions\redhat.java-1.55.0-win32-x64\jre\21.0.11-win32-x86_64\bin\nio.dll
Event: 0.305 Loaded shared library C:\Users\User\.vscode\extensions\redhat.java-1.55.0-win32-x64\jre\21.0.11-win32-x86_64\bin\zip.dll
Event: 0.327 Loaded shared library C:\Users\User\.vscode\extensions\redhat.java-1.55.0-win32-x64\jre\21.0.11-win32-x86_64\bin\jimage.dll
Event: 0.447 Loaded shared library c:\Users\User\.vscode\extensions\redhat.java-1.55.0-win32-x64\jre\21.0.11-win32-x86_64\bin\verify.dll
Event: 7.907 Loaded shared library C:\Users\User\AppData\Roaming\Code\User\globalStorage\redhat.java\1.55.0\config_win\org.eclipse.equinox.launcher\org.eclipse.equinox.launcher.win32.win32.x86_64_1.3.100.v20260613-0559\eclipse_11924.dll
Event: 24.974 Loaded shared library C:\Users\User\.vscode\extensions\redhat.java-1.55.0-win32-x64\jre\21.0.11-win32-x86_64\bin\management.dll
Event: 24.977 Loaded shared library C:\Users\User\.vscode\extensions\redhat.java-1.55.0-win32-x64\jre\21.0.11-win32-x86_64\bin\management_ext.dll

Deoptimization events (20 events):
Event: 25.930 Thread 0x000001de052a6890 Uncommon trap: trap_request=0xffffffc6 fr.pc=0x000001ddb7312300 relative=0x0000000000000a80
Event: 25.930 Thread 0x000001de052a6890 Uncommon trap: reason=bimorphic_or_optimized_type_check action=maybe_recompile pc=0x000001ddb7312300 method=java.util.HashMap.putVal(ILjava/lang/Object;Ljava/lang/Object;ZZ)Ljava/lang/Object; @ 56 c2
Event: 25.930 Thread 0x000001de052a6890 DEOPT PACKING pc=0x000001ddb7312300 sp=0x00000072a9bfdb10
Event: 25.930 Thread 0x000001de052a6890 DEOPT UNPACKING pc=0x000001ddb6c13aa2 sp=0x00000072a9bfda78 mode 2
Event: 26.010 Thread 0x000001de052a6890 DEOPT PACKING pc=0x000001ddafeac3d8 sp=0x00000072a9bfd220
Event: 26.010 Thread 0x000001de052a6890 DEOPT UNPACKING pc=0x000001ddb6c14242 sp=0x00000072a9bfc708 mode 0
Event: 26.014 Thread 0x000001de052a6890 DEOPT PACKING pc=0x000001ddafeac626 sp=0x00000072a9bfd690
Event: 26.014 Thread 0x000001de052a6890 DEOPT UNPACKING pc=0x000001ddb6c14242 sp=0x00000072a9bfcb88 mode 0
Event: 26.094 Thread 0x000001de052a6890 Uncommon trap: trap_request=0xffffff45 fr.pc=0x000001ddb72e1000 relative=0x00000000000000e0
Event: 26.094 Thread 0x000001de052a6890 Uncommon trap: reason=unstable_if action=reinterpret pc=0x000001ddb72e1000 method=com.sun.org.apache.xerces.internal.impl.XMLEntityScanner.peekChar()I @ 51 c2
Event: 26.094 Thread 0x000001de052a6890 DEOPT PACKING pc=0x000001ddb72e1000 sp=0x00000072a9bfdf80
Event: 26.094 Thread 0x000001de052a6890 DEOPT UNPACKING pc=0x000001ddb6c13aa2 sp=0x00000072a9bfdf08 mode 2
Event: 26.108 Thread 0x000001de052a6890 Uncommon trap: trap_request=0xffffff45 fr.pc=0x000001ddb71cfd98 relative=0x00000000000000f8
Event: 26.108 Thread 0x000001de052a6890 Uncommon trap: reason=unstable_if action=reinterpret pc=0x000001ddb71cfd98 method=java.lang.String.getBytes([BIB)V @ 5 c2
Event: 26.108 Thread 0x000001de052a6890 DEOPT PACKING pc=0x000001ddb71cfd98 sp=0x00000072a9bfde30
Event: 26.108 Thread 0x000001de052a6890 DEOPT UNPACKING pc=0x000001ddb6c13aa2 sp=0x00000072a9bfddd8 mode 2
Event: 26.126 Thread 0x000001de052a6890 Uncommon trap: trap_request=0xffffff45 fr.pc=0x000001ddb7197700 relative=0x00000000000006e0
Event: 26.126 Thread 0x000001de052a6890 Uncommon trap: reason=unstable_if action=reinterpret pc=0x000001ddb7197700 method=java.lang.String.replace(Ljava/lang/CharSequence;Ljava/lang/CharSequence;)Ljava/lang/String; @ 42 c2
Event: 26.126 Thread 0x000001de052a6890 DEOPT PACKING pc=0x000001ddb7197700 sp=0x00000072a9bfbac0
Event: 26.126 Thread 0x000001de052a6890 DEOPT UNPACKING pc=0x000001ddb6c13aa2 sp=0x00000072a9bfba40 mode 2

Classes loaded (20 events):
Event: 26.093 Loading class com/sun/org/apache/xerces/internal/dom/DeferredNode done
Event: 26.093 Loading class com/sun/org/apache/xerces/internal/dom/DeferredDocumentImpl done
Event: 26.093 Loading class com/sun/org/apache/xerces/internal/dom/DeferredDocumentImpl$RefCount
Event: 26.093 Loading class com/sun/org/apache/xerces/internal/dom/DeferredDocumentImpl$RefCount done
Event: 26.095 Loading class com/sun/org/apache/xerces/internal/dom/DeepNodeListImpl
Event: 26.095 Loading class com/sun/org/apache/xerces/internal/dom/DeepNodeListImpl done
Event: 26.096 Loading class com/sun/org/apache/xerces/internal/dom/DeferredElementImpl
Event: 26.096 Loading class com/sun/org/apache/xerces/internal/dom/DeferredElementImpl done
Event: 26.096 Loading class com/sun/org/apache/xerces/internal/dom/DeferredAttrImpl
Event: 26.096 Loading class com/sun/org/apache/xerces/internal/dom/DeferredAttrImpl done
Event: 26.098 Loading class com/sun/org/apache/xerces/internal/dom/DeferredTextImpl
Event: 26.098 Loading class com/sun/org/apache/xerces/internal/dom/DeferredTextImpl done
Event: 26.107 Loading class sun/nio/cs/UTF_8$Encoder
Event: 26.107 Loading class sun/nio/cs/UTF_8$Encoder done
Event: 26.108 Loading class java/io/FileOutputStream$1
Event: 26.108 Loading class java/io/FileOutputStream$1 done
Event: 26.124 Loading class java/nio/charset/IllegalCharsetNameException
Event: 26.124 Loading class java/nio/charset/IllegalCharsetNameException done
Event: 26.127 Loading class java/io/File$TempDirectory
Event: 26.127 Loading class java/io/File$TempDirectory done

Classes unloaded (7 events):
Event: 25.553 Thread 0x000001ddac424a10 Unloading class 0x000001ddc41b8800 'java/lang/invoke/LambdaForm$MH+0x000001ddc41b8800'
Event: 25.553 Thread 0x000001ddac424a10 Unloading class 0x000001ddc41b8400 'java/lang/invoke/LambdaForm$MH+0x000001ddc41b8400'
Event: 25.553 Thread 0x000001ddac424a10 Unloading class 0x000001ddc41b8000 'java/lang/invoke/LambdaForm$MH+0x000001ddc41b8000'
Event: 25.553 Thread 0x000001ddac424a10 Unloading class 0x000001ddc41b7c00 'java/lang/invoke/LambdaForm$MH+0x000001ddc41b7c00'
Event: 25.553 Thread 0x000001ddac424a10 Unloading class 0x000001ddc41b7800 'java/lang/invoke/LambdaForm$BMH+0x000001ddc41b7800'
Event: 25.553 Thread 0x000001ddac424a10 Unloading class 0x000001ddc41b7400 'java/lang/invoke/LambdaForm$DMH+0x000001ddc41b7400'
Event: 25.553 Thread 0x000001ddac424a10 Unloading class 0x000001ddc41b6000 'java/lang/invoke/LambdaForm$DMH+0x000001ddc41b6000'

Classes redefined (0 events):
No events

Internal exceptions (20 events):
Event: 25.333 Thread 0x000001de052a6890 Exception <a 'java/lang/NoSuchMethodError'{0x00000000d61b8540}: 'java.lang.Object java.lang.invoke.DirectMethodHandle$Holder.newInvokeSpecial(java.lang.Object, int, java.lang.Object, java.lang.Object)'> (0x00000000d61b8540) 
thrown [s\src\hotspot\share\interpreter\linkResolver.cpp, line 773]
Event: 25.508 Thread 0x000001de052a6890 Exception <a 'java/lang/NoSuchMethodError'{0x00000000d57c84f0}: 'double java.lang.invoke.DirectMethodHandle$Holder.invokeStatic(java.lang.Object, java.lang.Object)'> (0x00000000d57c84f0) 
thrown [s\src\hotspot\share\interpreter\linkResolver.cpp, line 773]
Event: 25.508 Thread 0x000001de052a6890 Exception <a 'java/lang/NoSuchMethodError'{0x00000000d57cbbb0}: 'double java.lang.invoke.DirectMethodHandle$Holder.invokeStaticInit(java.lang.Object, java.lang.Object)'> (0x00000000d57cbbb0) 
thrown [s\src\hotspot\share\interpreter\linkResolver.cpp, line 773]
Event: 25.618 Thread 0x000001de052a6890 Exception <a 'java/io/FileNotFoundException'{0x00000000d6267d10}> (0x00000000d6267d10) 
thrown [s\src\hotspot\share\prims\jni.cpp, line 520]
Event: 25.618 Thread 0x000001de052a6890 Exception <a 'java/io/FileNotFoundException'{0x00000000d6268b40}> (0x00000000d6268b40) 
thrown [s\src\hotspot\share\prims\jni.cpp, line 520]
Event: 25.618 Thread 0x000001de052a6890 Exception <a 'java/io/FileNotFoundException'{0x00000000d6269a70}> (0x00000000d6269a70) 
thrown [s\src\hotspot\share\prims\jni.cpp, line 520]
Event: 25.698 Thread 0x000001de052a6890 Exception <a 'java/lang/NoSuchMethodError'{0x00000000d5742f90}: 'int java.lang.invoke.DirectMethodHandle$Holder.invokeStaticInit(java.lang.Object, java.lang.Object, java.lang.Object)'> (0x00000000d5742f90) 
thrown [s\src\hotspot\share\interpreter\linkResolver.cpp, line 773]
Event: 25.726 Thread 0x000001de052a6890 Implicit null exception at 0x000001ddb7330e75 to 0x000001ddb7330f68
Event: 25.773 Thread 0x000001de052a6890 Exception <a 'java/io/FileNotFoundException'{0x00000000d64a6cd8}> (0x00000000d64a6cd8) 
thrown [s\src\hotspot\share\prims\jni.cpp, line 520]
Event: 25.807 Thread 0x000001de052a6890 Exception <a 'java/io/FileNotFoundException'{0x00000000d5a6c4b0}> (0x00000000d5a6c4b0) 
thrown [s\src\hotspot\share\prims\jni.cpp, line 520]
Event: 25.807 Thread 0x000001de052a6890 Exception <a 'java/io/FileNotFoundException'{0x00000000d5a6d4a0}> (0x00000000d5a6d4a0) 
thrown [s\src\hotspot\share\prims\jni.cpp, line 520]
Event: 25.808 Thread 0x000001de052a6890 Exception <a 'java/io/FileNotFoundException'{0x00000000d5a7c3b0}> (0x00000000d5a7c3b0) 
thrown [s\src\hotspot\share\prims\jni.cpp, line 520]
Event: 25.918 Thread 0x000001de052a6890 Exception <a 'java/io/FileNotFoundException'{0x00000000d629afc8}> (0x00000000d629afc8) 
thrown [s\src\hotspot\share\prims\jni.cpp, line 520]
Event: 25.941 Thread 0x000001de052a6890 Exception <a 'java/lang/NoSuchMethodError'{0x00000000d64e55c8}: 'java.lang.Object java.lang.invoke.DirectMethodHandle$Holder.invokeStaticInit(java.lang.Object, int, int, int, int)'> (0x00000000d64e55c8) 
thrown [s\src\hotspot\share\interpreter\linkResolver.cpp, line 773]
Event: 25.962 Thread 0x000001de052a6890 Exception <a 'java/lang/NoSuchMethodError'{0x00000000d659d630}: 'java.lang.Object java.lang.invoke.DirectMethodHandle$Holder.invokeStaticInit(java.lang.Object, java.lang.Object, int, int, int, int)'> (0x00000000d659d630) 
thrown [s\src\hotspot\share\interpreter\linkResolver.cpp, line 773]
Event: 25.996 Thread 0x000001de052a6890 Exception <a 'sun/nio/fs/WindowsException'{0x00000000d67d4368}> (0x00000000d67d4368) 
thrown [s\src\hotspot\share\prims\jni.cpp, line 520]
Event: 25.997 Thread 0x000001de052a6890 Exception <a 'sun/nio/fs/WindowsException'{0x00000000d67d4b60}> (0x00000000d67d4b60) 
thrown [s\src\hotspot\share\prims\jni.cpp, line 520]
Event: 26.006 Thread 0x000001de052a6890 Exception <a 'sun/nio/fs/WindowsException'{0x00000000d6891bb0}> (0x00000000d6891bb0) 
thrown [s\src\hotspot\share\prims\jni.cpp, line 520]
Event: 26.047 Thread 0x000001de052a6890 Exception <a 'java/lang/ClassNotFoundException'{0x00000000d55bf6d0}: com/sun/org/apache/xml/internal/serializer/spi/XMLEntitiesProvider> (0x00000000d55bf6d0) 
thrown [s\src\hotspot\share\classfile\systemDictionary.cpp, line 313]
Event: 26.114 Thread 0x000001de052a6890 Exception <a 'java/io/FileNotFoundException'{0x00000000d59ae380}> (0x00000000d59ae380) 
thrown [s\src\hotspot\share\prims\jni.cpp, line 520]

ZGC Phase Switch (0 events):
No events

VM Operations (20 events):
Event: 25.485 Executing safepoint VM operation: ParallelGCFailedAllocation (Allocation Failure) done
Event: 25.547 Executing safepoint VM operation: CollectForMetadataAllocation (Metadata GC Threshold)
Event: 25.575 Executing safepoint VM operation: CollectForMetadataAllocation (Metadata GC Threshold) done
Event: 25.676 Executing safepoint VM operation: ParallelGCFailedAllocation (Allocation Failure)
Event: 25.679 Executing safepoint VM operation: ParallelGCFailedAllocation (Allocation Failure) done
Event: 25.801 Executing safepoint VM operation: ParallelGCFailedAllocation (Allocation Failure)
Event: 25.803 Executing safepoint VM operation: ParallelGCFailedAllocation (Allocation Failure) done
Event: 25.930 Executing non-safepoint VM operation: HandshakeAllThreads (Deoptimize)
Event: 25.930 Executing non-safepoint VM operation: HandshakeAllThreads (Deoptimize) done
Event: 25.959 Executing non-safepoint VM operation: HandshakeAllThreads (Deoptimize)
Event: 25.959 Executing non-safepoint VM operation: HandshakeAllThreads (Deoptimize) done
Event: 26.040 Executing safepoint VM operation: ParallelGCFailedAllocation (Allocation Failure)
Event: 26.042 Executing safepoint VM operation: ParallelGCFailedAllocation (Allocation Failure) done
Event: 26.046 Executing non-safepoint VM operation: HandshakeAllThreads (Deoptimize)
Event: 26.046 Executing non-safepoint VM operation: HandshakeAllThreads (Deoptimize) done
Event: 26.068 Executing non-safepoint VM operation: HandshakeAllThreads (Deoptimize)
Event: 26.068 Executing non-safepoint VM operation: HandshakeAllThreads (Deoptimize) done
Event: 26.098 Executing non-safepoint VM operation: HandshakeAllThreads (Deoptimize)
Event: 26.098 Executing non-safepoint VM operation: HandshakeAllThreads (Deoptimize) done
Event: 27.099 Executing safepoint VM operation: Cleanup

Memory protections (0 events):
No events

Nmethod flushes (0 events):
No events

Events (20 events):
Event: 7.914 Thread 0x000001de052a7c40 Thread added: 0x000001de052a54e0
Event: 7.914 Thread 0x000001de052a7c40 Thread added: 0x000001de052a5b70
Event: 7.914 Thread 0x000001de052a7c40 Thread added: 0x000001de054d8080
Event: 17.956 Thread 0x000001de068ce550 Thread exited: 0x000001de068ce550
Event: 17.956 Thread 0x000001de0b00c170 Thread exited: 0x000001de0b00c170
Event: 17.956 Thread 0x000001de054d8080 Thread exited: 0x000001de054d8080
Event: 17.956 Thread 0x000001de052a4e50 Thread exited: 0x000001de052a4e50
Event: 17.956 Thread 0x000001de0b00ce60 Thread exited: 0x000001de0b00ce60
Event: 17.956 Thread 0x000001de052a54e0 Thread exited: 0x000001de052a54e0
Event: 17.956 Thread 0x000001de052a6f20 Thread exited: 0x000001de052a6f20
Event: 17.956 Thread 0x000001de068cfa40 Thread exited: 0x000001de068cfa40
Event: 17.956 Thread 0x000001de0b00bb00 Thread exited: 0x000001de0b00bb00
Event: 17.956 Thread 0x000001de052a5b70 Thread exited: 0x000001de052a5b70
Event: 17.971 Thread 0x000001de068cebc0 Thread exited: 0x000001de068cebc0
Event: 17.971 Thread 0x000001de052a82d0 Thread exited: 0x000001de052a82d0
Event: 19.163 Thread 0x000001de052a6890 Thread added: 0x000001de052a54e0
Event: 23.766 Thread 0x000001de052a6890 Thread added: 0x000001de052a6f20
Event: 25.043 Thread 0x000001de052a6890 Thread added: 0x000001de052a82d0
Event: 25.061 Thread 0x000001de052a6890 Thread added: 0x000001de052a4e50
Event: 25.904 Thread 0x000001de052a6890 Thread added: 0x000001de052a5b70


Dynamic libraries:
0x00007ff777810000 - 0x00007ff77781e000 	c:\Users\User\.vscode\extensions\redhat.java-1.55.0-win32-x64\jre\21.0.11-win32-x86_64\bin\java.exe
0x00007ff845ee0000 - 0x00007ff846146000 	C:\WINDOWS\SYSTEM32\ntdll.dll
0x00007ff845a50000 - 0x00007ff845b19000 	C:\WINDOWS\System32\KERNEL32.DLL
0x00007ff843410000 - 0x00007ff843810000 	C:\WINDOWS\System32\KERNELBASE.dll
0x00007ff83ffe0000 - 0x00007ff840080000 	C:\WINDOWS\SYSTEM32\apphelp.dll
0x00007ff843100000 - 0x00007ff84324c000 	C:\WINDOWS\System32\ucrtbase.dll
0x00007ff81a8a0000 - 0x00007ff81a8b8000 	c:\Users\User\.vscode\extensions\redhat.java-1.55.0-win32-x64\jre\21.0.11-win32-x86_64\bin\jli.dll
0x00007ff81d330000 - 0x00007ff81d34e000 	c:\Users\User\.vscode\extensions\redhat.java-1.55.0-win32-x64\jre\21.0.11-win32-x86_64\bin\VCRUNTIME140.dll
0x00007ff844f10000 - 0x00007ff8450d7000 	C:\WINDOWS\System32\USER32.dll
0x00007ff8433e0000 - 0x00007ff843407000 	C:\WINDOWS\System32\win32u.dll
0x00007ff830bf0000 - 0x00007ff830e82000 	C:\WINDOWS\WinSxS\amd64_microsoft.windows.common-controls_6595b64144ccf1df_6.0.26100.8737_none_3e092eaee333b772\COMCTL32.dll
0x00007ff845c50000 - 0x00007ff845cf9000 	C:\WINDOWS\System32\msvcrt.dll
0x00007ff844040000 - 0x00007ff84406b000 	C:\WINDOWS\System32\GDI32.dll
0x00007ff843820000 - 0x00007ff843949000 	C:\WINDOWS\System32\gdi32full.dll
0x00007ff843aa0000 - 0x00007ff843b43000 	C:\WINDOWS\System32\msvcp_win.dll
0x00007ff845830000 - 0x00007ff845862000 	C:\WINDOWS\System32\IMM32.DLL
0x00007ff83f8a0000 - 0x00007ff83f8ac000 	c:\Users\User\.vscode\extensions\redhat.java-1.55.0-win32-x64\jre\21.0.11-win32-x86_64\bin\vcruntime140_1.dll
0x00007ff81a1f0000 - 0x00007ff81a27d000 	c:\Users\User\.vscode\extensions\redhat.java-1.55.0-win32-x64\jre\21.0.11-win32-x86_64\bin\msvcp140.dll
0x00007fff95880000 - 0x00007fff96622000 	c:\Users\User\.vscode\extensions\redhat.java-1.55.0-win32-x64\jre\21.0.11-win32-x86_64\bin\server\jvm.dll
0x00007ff843c10000 - 0x00007ff843cc7000 	C:\WINDOWS\System32\ADVAPI32.dll
0x00007ff845780000 - 0x00007ff84582a000 	C:\WINDOWS\System32\sechost.dll
0x00007ff8448c0000 - 0x00007ff8449d8000 	C:\WINDOWS\System32\RPCRT4.dll
0x00007ff844090000 - 0x00007ff844110000 	C:\WINDOWS\System32\WS2_32.dll
0x00007ff842f60000 - 0x00007ff842fbe000 	C:\WINDOWS\SYSTEM32\POWRPROF.dll
0x00007ff831350000 - 0x00007ff831386000 	C:\WINDOWS\SYSTEM32\WINMM.dll
0x00007ff83c780000 - 0x00007ff83c78b000 	C:\WINDOWS\SYSTEM32\VERSION.dll
0x00007ff842f40000 - 0x00007ff842f54000 	C:\WINDOWS\SYSTEM32\UMPDC.dll
0x00007ff841de0000 - 0x00007ff841dfb000 	C:\WINDOWS\SYSTEM32\kernel.appcore.dll
0x00007ff83f640000 - 0x00007ff83f64a000 	c:\Users\User\.vscode\extensions\redhat.java-1.55.0-win32-x64\jre\21.0.11-win32-x86_64\bin\jimage.dll
0x00007ff831390000 - 0x00007ff8315d2000 	C:\WINDOWS\SYSTEM32\DBGHELP.DLL
0x00007ff845250000 - 0x00007ff8455d3000 	C:\WINDOWS\System32\combase.dll
0x00007ff845970000 - 0x00007ff845a49000 	C:\WINDOWS\System32\OLEAUT32.dll
0x00007ff81b470000 - 0x00007ff81b4ab000 	C:\WINDOWS\SYSTEM32\dbgcore.DLL
0x00007ff843b50000 - 0x00007ff843bfc000 	C:\WINDOWS\System32\bcryptPrimitives.dll
0x00007ff82f870000 - 0x00007ff82f87f000 	c:\Users\User\.vscode\extensions\redhat.java-1.55.0-win32-x64\jre\21.0.11-win32-x86_64\bin\instrument.dll
0x00007ff81a3e0000 - 0x00007ff81a400000 	c:\Users\User\.vscode\extensions\redhat.java-1.55.0-win32-x64\jre\21.0.11-win32-x86_64\bin\java.dll
0x00007ff844120000 - 0x00007ff8448b2000 	C:\WINDOWS\System32\SHELL32.dll
0x00007ff840be0000 - 0x00007ff841472000 	C:\WINDOWS\SYSTEM32\windows.storage.dll
0x00007ff845870000 - 0x00007ff845967000 	C:\WINDOWS\System32\SHCORE.dll
0x00007ff843fd0000 - 0x00007ff844037000 	C:\WINDOWS\System32\shlwapi.dll
0x00007ff843020000 - 0x00007ff843049000 	C:\WINDOWS\SYSTEM32\profapi.dll
0x00007ff81a1d0000 - 0x00007ff81a1e8000 	c:\Users\User\.vscode\extensions\redhat.java-1.55.0-win32-x64\jre\21.0.11-win32-x86_64\bin\zip.dll
0x00007ff82d9a0000 - 0x00007ff82d9b0000 	C:\Users\User\.vscode\extensions\redhat.java-1.55.0-win32-x64\jre\21.0.11-win32-x86_64\bin\net.dll
0x00007ff83ba90000 - 0x00007ff83bbb9000 	C:\WINDOWS\SYSTEM32\WINHTTP.dll
0x00007ff842390000 - 0x00007ff8423fc000 	C:\WINDOWS\system32\mswsock.dll
0x00007ff81a1b0000 - 0x00007ff81a1c6000 	C:\Users\User\.vscode\extensions\redhat.java-1.55.0-win32-x64\jre\21.0.11-win32-x86_64\bin\nio.dll
0x00007ff82cfd0000 - 0x00007ff82cfe0000 	c:\Users\User\.vscode\extensions\redhat.java-1.55.0-win32-x64\jre\21.0.11-win32-x86_64\bin\verify.dll
0x00007ff8122f0000 - 0x00007ff812335000 	C:\Users\User\AppData\Roaming\Code\User\globalStorage\redhat.java\1.55.0\config_win\org.eclipse.equinox.launcher\org.eclipse.equinox.launcher.win32.win32.x86_64_1.3.100.v20260613-0559\eclipse_11924.dll
0x00007ff8455e0000 - 0x00007ff845779000 	C:\WINDOWS\System32\ole32.dll
0x00007ff81dc00000 - 0x00007ff81dc0a000 	C:\Users\User\.vscode\extensions\redhat.java-1.55.0-win32-x64\jre\21.0.11-win32-x86_64\bin\management.dll
0x00007ff81d2e0000 - 0x00007ff81d2ec000 	C:\Users\User\.vscode\extensions\redhat.java-1.55.0-win32-x64\jre\21.0.11-win32-x86_64\bin\management_ext.dll
0x00007ff845d30000 - 0x00007ff845d38000 	C:\WINDOWS\System32\PSAPI.DLL
0x00007ff842690000 - 0x00007ff8426ab000 	C:\WINDOWS\SYSTEM32\CRYPTSP.dll
0x00007ff841d40000 - 0x00007ff841d79000 	C:\WINDOWS\system32\rsaenh.dll
0x00007ff842450000 - 0x00007ff842482000 	C:\WINDOWS\SYSTEM32\USERENV.dll
0x00007ff842ff0000 - 0x00007ff84301a000 	C:\WINDOWS\SYSTEM32\bcrypt.dll
0x00007ff8426b0000 - 0x00007ff8426bc000 	C:\WINDOWS\SYSTEM32\CRYPTBASE.dll
0x00007ff8417b0000 - 0x00007ff8417e3000 	C:\WINDOWS\SYSTEM32\IPHLPAPI.DLL
0x00007ff845b20000 - 0x00007ff845b2a000 	C:\WINDOWS\System32\NSI.dll
0x00007ff811d30000 - 0x00007ff811d79000 	C:\Users\User\AppData\Local\Temp\jna-2645995\jna8483257775947119138.dll

JVMTI agents:
c:\Users\User\.vscode\extensions\redhat.java-1.55.0-win32-x64\lombok\lombok-1.18.39-4050.jar path:c:\Users\User\.vscode\extensions\redhat.java-1.55.0-win32-x64\jre\21.0.11-win32-x86_64\bin\instrument.dll, loaded, initialized, instrumentlib options:none

dbghelp: loaded successfully - version: 4.0.5 - missing functions: none
symbol engine: initialized successfully - sym options: 0x614 - pdb path: .;c:\Users\User\.vscode\extensions\redhat.java-1.55.0-win32-x64\jre\21.0.11-win32-x86_64\bin;C:\WINDOWS\SYSTEM32;C:\WINDOWS\WinSxS\amd64_microsoft.windows.common-controls_6595b64144ccf1df_6.0.26100.8737_none_3e092eaee333b772;c:\Users\User\.vscode\extensions\redhat.java-1.55.0-win32-x64\jre\21.0.11-win32-x86_64\bin\server;C:\Users\User\AppData\Roaming\Code\User\globalStorage\redhat.java\1.55.0\config_win\org.eclipse.equinox.launcher\org.eclipse.equinox.launcher.win32.win32.x86_64_1.3.100.v20260613-0559;C:\Users\User\AppData\Local\Temp\jna-2645995

VM Arguments:
jvm_args: --add-modules=ALL-SYSTEM --add-opens=java.base/java.util=ALL-UNNAMED --add-opens=java.base/java.lang=ALL-UNNAMED --add-opens=java.base/sun.nio.fs=ALL-UNNAMED -Declipse.application=org.eclipse.jdt.ls.core.id1 -Dosgi.bundles.defaultStartLevel=4 -Declipse.product=org.eclipse.jdt.ls.core.product -Djava.import.generatesMetadataFilesAtProjectRoot=false -DDetectVMInstallationsJob.disabled=true -Dfile.encoding=utf8 -XX:+UseParallelGC -XX:GCTimeRatio=4 -XX:AdaptiveSizePolicyWeight=90 -Dsun.zip.disableMemoryMapping=true -Xmx2G -Xms100m -Xlog:disable -javaagent:c:\Users\User\.vscode\extensions\redhat.java-1.55.0-win32-x64\lombok\lombok-1.18.39-4050.jar -XX:+HeapDumpOnOutOfMemoryError -XX:HeapDumpPath=c:\Users\User\AppData\Roaming\Code\User\workspaceStorage\e2ff1c3adfc83bf8c156162644840784\redhat.java -Daether.dependencyCollector.impl=bf 
java_command: c:\Users\User\.vscode\extensions\redhat.java-1.55.0-win32-x64\server\plugins\org.eclipse.equinox.launcher_1.7.200.v20260619-2039.jar -configuration c:\Users\User\AppData\Roaming\Code\User\globalStorage\redhat.java\1.55.0\config_win -data c:\Users\User\AppData\Roaming\Code\User\workspaceStorage\e2ff1c3adfc83bf8c156162644840784\redhat.java\jdt_ws --pipe=\\.\pipe\lsp-e0cd44a27dd3b44e1c0056c5185d724d-sock
java_class_path (initial): c:\Users\User\.vscode\extensions\redhat.java-1.55.0-win32-x64\server\plugins\org.eclipse.equinox.launcher_1.7.200.v20260619-2039.jar
Launcher Type: SUN_STANDARD

[Global flags]
    uintx AdaptiveSizePolicyWeight                 = 90                                        {product} {command line}
     intx CICompilerCount                          = 4                                         {product} {ergonomic}
    uintx GCTimeRatio                              = 4                                         {product} {command line}
     bool HeapDumpOnOutOfMemoryError               = true                                   {manageable} {command line}
    ccstr HeapDumpPath                             = c:\Users\User\AppData\Roaming\Code\User\workspaceStorage\e2ff1c3adfc83bf8c156162644840784\redhat.java         {manageable} {command line}
   size_t InitialHeapSize                          = 104857600                                 {product} {command line}
   size_t MaxHeapSize                              = 2147483648                                {product} {command line}
   size_t MaxNewSize                               = 715653120                                 {product} {ergonomic}
   size_t MinHeapDeltaBytes                        = 524288                                    {product} {ergonomic}
   size_t MinHeapSize                              = 104857600                                 {product} {command line}
   size_t NewSize                                  = 34603008                                  {product} {ergonomic}
    uintx NonNMethodCodeHeapSize                   = 5839372                                {pd product} {ergonomic}
    uintx NonProfiledCodeHeapSize                  = 122909434                              {pd product} {ergonomic}
   size_t OldSize                                  = 70254592                                  {product} {ergonomic}
    uintx ProfiledCodeHeapSize                     = 122909434                              {pd product} {ergonomic}
    uintx ReservedCodeCacheSize                    = 251658240                              {pd product} {ergonomic}
     bool SegmentedCodeCache                       = true                                      {product} {ergonomic}
   size_t SoftMaxHeapSize                          = 2147483648                             {manageable} {ergonomic}
     bool UseCompressedOops                        = true                           {product lp64_product} {ergonomic}
     bool UseLargePagesIndividualAllocation        = false                                  {pd product} {ergonomic}
     bool UseParallelGC                            = true                                      {product} {command line}

Logging:
Log output configuration:
 #0: stdout all=off uptime,level,tags foldmultilines=false
 #1: stderr all=off uptime,level,tags foldmultilines=false

Release file:
JAVA_VERSION="21.0.11" 
MODULES="java.base java.compiler java.datatransfer java.xml java.prefs java.desktop java.instrument java.logging java.management java.security.sasl java.naming java.rmi java.management.rmi java.net.http java.scripting java.security.jgss java.transaction.xa java.sql java.sql.rowset java.xml.crypto java.se java.smartcardio jdk.accessibility jdk.internal.jvmstat jdk.attach jdk.charsets jdk.internal.opt jdk.zipfs jdk.compiler jdk.crypto.ec jdk.crypto.cryptoki jdk.crypto.mscapi jdk.dynalink jdk.internal.ed jdk.editpad jdk.hotspot.agent jdk.httpserver jdk.internal.le jdk.internal.vm.ci jdk.internal.vm.compiler jdk.internal.vm.compiler.management jdk.jartool jdk.javadoc jdk.jcmd jdk.management jdk.management.agent jdk.jconsole jdk.jdeps jdk.jdwp.agent jdk.jdi jdk.jfr jdk.jshell jdk.jsobject jdk.jstatd jdk.localedata jdk.management.jfr jdk.naming.dns jdk.naming.rmi jdk.net jdk.nio.mapmode jdk.random jdk.sctp jdk.security.auth jdk.security.jgss jdk.unsupported jdk.unsupported.desktop jdk.xml.dom" 

Environment Variables:
JAVA_HOME=C:\Program Files\Java\jdk-23
PATH=C:\Program Files\Common Files\Oracle\Java\javapath;C:\WINDOWS\system32;C:\WINDOWS;C:\WINDOWS\System32\Wbem;C:\WINDOWS\System32\WindowsPowerShell\v1.0\;C:\WINDOWS\System32\OpenSSH\;C:\Program Files (x86)\NVIDIA Corporation\PhysX\Common;D:\common;C:\Program Files\Java\jdk-23\bin;C:\Program Files\Cloudflare\Cloudflare WARP\;C:\Program Files\Git\cmd;D:\node.js\;C:\Users\User\.local\bin;C:\Users\User\AppData\Local\Microsoft\WindowsApps;D:\Microsoft VS Code\bin;C:\Users\User\AppData\Local\Programs\Antigravity IDE\bin;C:\Users\User\AppData\Roaming\npm
USERNAME=User
OS=Windows_NT
PROCESSOR_IDENTIFIER=Intel64 Family 6 Model 165 Stepping 2, GenuineIntel
TMP=C:\Users\User\AppData\Local\Temp
TEMP=C:\Users\User\AppData\Local\Temp




Periodic native trim disabled

---------------  S Y S T E M  ---------------

OS:
 Windows 11 , 64 bit Build 26100 (10.0.26100.8737)
OS uptime: 0 days 0:49 hours

CPU: total 12 (initial active 12) (6 cores per cpu, 2 threads per core) family 6 model 165 stepping 2 microcode 0xe2, cx8, cmov, fxsr, ht, mmx, 3dnowpref, sse, sse2, sse3, ssse3, sse4.1, sse4.2, popcnt, lzcnt, tsc, tscinvbit, avx, avx2, aes, erms, clmul, bmi1, bmi2, adx, fma, vzeroupper, clflush, clflushopt, rdtscp, f16c, pku
Processor Information for the first 12 processors :
  Max Mhz: 2496, Current Mhz: 2496, Mhz Limit: 2496

Memory: 4k page, system-wide physical 8013M (345M free)
TotalPageFile size 12109M (AvailPageFile size 63M)
current process WorkingSet (physical memory assigned to process): 163M, peak: 168M
current process commit charge ("private bytes"): 295M, peak: 299M

vm_info: OpenJDK 64-Bit Server VM (21.0.11+10-LTS) for windows-amd64 JRE (21.0.11+10-LTS), built on 2026-04-21T00:00:00Z by "admin" with MS VC++ 17.12 (VS2022)

END.
